# JRE version: OpenJDK Runtime Environment (8.0_76-b03) (build 1.8.0_76-release-b03)
# Java VM: OpenJDK 64-Bit Server VM (25.76-b03 mixed mode windows-amd64 compressed oops)
Heap:
 PSYoungGen      total 334336K, used 35126K [0x00000000e0000000, 0x00000000fb480000, 0x0000000100000000)
  eden space 285696K, 4% used [0x00000000e0000000,0x00000000e0d4d260,0x00000000f1700000)
  from space 48640K, 44% used [0x00000000f1700000,0x00000000f2c00608,0x00000000f4680000)
  to   space 60928K, 0% used [0x00000000f7900000,0x00000000f7900000,0x00000000fb480000)
 ParOldGen       total 123904K, used 84036K [0x00000000a0000000, 0x00000000a7900000, 0x00000000e0000000)
  object space 123904K, 67% used [0x00000000a0000000,0x00000000a5211318,0x00000000a7900000)
 Metaspace       used 71563K, capacity 76142K, committed 76336K, reserved 1116160K
  class space    used 8784K, capacity 9425K, committed 9520K, reserved 1048576K
GC Heap History (10 events):
Event: 2096.786 GC heap before
{Heap before GC invocations=74 (full 13):
 PSYoungGen      total 334336K, used 48616K [0x00000000e0000000, 0x00000000fb480000, 0x0000000100000000)
  eden space 285696K, 0% used [0x00000000e0000000,0x00000000e0000000,0x00000000f1700000)
  from space 48640K, 99% used [0x00000000f1700000,0x00000000f467a358,0x00000000f4680000)
  to   space 60928K, 0% used [0x00000000f7900000,0x00000000f7900000,0x00000000fb480000)
 ParOldGen       total 123904K, used 123581K [0x00000000a0000000, 0x00000000a7900000, 0x00000000e0000000)
  object space 123904K, 99% used [0x00000000a0000000,0x00000000a78af4f0,0x00000000a7900000)
 Metaspace       used 71380K, capacity 75902K, committed 75952K, reserved 1116160K
  class space    used 8766K, capacity 9379K, committed 9392K, reserved 1048576K
Event: 2097.347 GC heap after
Heap after GC invocations=74 (full 13):
 PSYoungGen      total 334336K, used 0K [0x00000000e0000000, 0x00000000fb480000, 0x0000000100000000)
  eden space 285696K, 0% used [0x00000000e0000000,0x00000000e0000000,0x00000000f1700000)
  from space 48640K, 0% used [0x00000000f1700000,0x00000000f1700000,0x00000000f4680000)
  to   space 60928K, 0% used [0x00000000f7900000,0x00000000f7900000,0x00000000fb480000)
 ParOldGen       total 123904K, used 84010K [0x00000000a0000000, 0x00000000a7900000, 0x00000000e0000000)
  object space 123904K, 67% used [0x00000000a0000000,0x00000000a520a898,0x00000000a7900000)
 Metaspace       used 71373K, capacity 75888K, committed 75952K, reserved 1116160K
  class space    used 8763K, capacity 9374K, committed 9392K, reserved 1048576K
}
Event: 2098.762 GC heap before
{Heap before GC invocations=75 (full 13):
 PSYoungGen      total 334336K, used 285696K [0x00000000e0000000, 0x00000000fb480000, 0x0000000100000000)
  eden space 285696K, 100% used [0x00000000e0000000,0x00000000f1700000,0x00000000f1700000)
  from space 48640K, 0% used [0x00000000f1700000,0x00000000f1700000,0x00000000f4680000)
  to   space 60928K, 0% used [0x00000000f7900000,0x00000000f7900000,0x00000000fb480000)
 ParOldGen       total 123904K, used 84020K [0x00000000a0000000, 0x00000000a7900000, 0x00000000e0000000)
  object space 123904K, 67% used [0x00000000a0000000,0x00000000a520d318,0x00000000a7900000)
 Metaspace       used 71376K, capacity 75888K, committed 75952K, reserved 1116160K
  class space    used 8763K, capacity 9374K, committed 9392K, reserved 1048576K
Event: 2098.880 GC heap after
Heap after GC invocations=75 (full 13):
 PSYoungGen      total 346624K, used 42968K [0x00000000e0000000, 0x00000000fb480000, 0x0000000100000000)
  eden space 285696K, 0% used [0x00000000e0000000,0x00000000e0000000,0x00000000f1700000)
  from space 60928K, 70% used [0x00000000f7900000,0x00000000fa2f6118,0x00000000fb480000)
  to   space 48640K, 0% used [0x00000000f1700000,0x00000000f1700000,0x00000000f4680000)
 ParOldGen       total 123904K, used 84020K [0x00000000a0000000, 0x00000000a7900000, 0x00000000e0000000)
  object space 123904K, 67% used [0x00000000a0000000,0x00000000a520d318,0x00000000a7900000)
 Metaspace       used 71376K, capacity 75888K, committed 75952K, reserved 1116160K
  class space    used 8763K, capacity 9374K, committed 9392K, reserved 1048576K
}
Event: 2100.357 GC heap before
{Heap before GC invocations=76 (full 13):
 PSYoungGen      total 346624K, used 328552K [0x00000000e0000000, 0x00000000fb480000, 0x0000000100000000)
  eden space 285696K, 99% used [0x00000000e0000000,0x00000000f16e3ff8,0x00000000f1700000)
  from space 60928K, 70% used [0x00000000f7900000,0x00000000fa2f6118,0x00000000fb480000)
  to   space 48640K, 0% used [0x00000000f1700000,0x00000000f1700000,0x00000000f4680000)
 ParOldGen       total 123904K, used 84020K [0x00000000a0000000, 0x00000000a7900000, 0x00000000e0000000)
  object space 123904K, 67% used [0x00000000a0000000,0x00000000a520d318,0x00000000a7900000)
 Metaspace       used 71384K, capacity 75888K, committed 75952K, reserved 1116160K
  class space    used 8763K, capacity 9374K, committed 9392K, reserved 1048576K
Event: 2100.401 GC heap after
Heap after GC invocations=76 (full 13):
 PSYoungGen      total 334336K, used 24887K [0x00000000e0000000, 0x00000000fb480000, 0x0000000100000000)
  eden space 285696K, 0% used [0x00000000e0000000,0x00000000e0000000,0x00000000f1700000)
  from space 48640K, 51% used [0x00000000f1700000,0x00000000f2f4dc90,0x00000000f4680000)
  to   space 60928K, 0% used [0x00000000f7900000,0x00000000f7900000,0x00000000fb480000)
 ParOldGen       total 123904K, used 84020K [0x00000000a0000000, 0x00000000a7900000, 0x00000000e0000000)
  object space 123904K, 67% used [0x00000000a0000000,0x00000000a520d318,0x00000000a7900000)
 Metaspace       used 71384K, capacity 75888K, committed 75952K, reserved 1116160K
  class space    used 8763K, capacity 9374K, committed 9392K, reserved 1048576K
}
Event: 2101.740 GC heap before
{Heap before GC invocations=77 (full 13):
 PSYoungGen      total 334336K, used 309802K [0x00000000e0000000, 0x00000000fb480000, 0x0000000100000000)
  eden space 285696K, 99% used [0x00000000e0000000,0x00000000f163cbd8,0x00000000f1700000)
  from space 48640K, 51% used [0x00000000f1700000,0x00000000f2f4dc90,0x00000000f4680000)
  to   space 60928K, 0% used [0x00000000f7900000,0x00000000f7900000,0x00000000fb480000)
 ParOldGen       total 123904K, used 84020K [0x00000000a0000000, 0x00000000a7900000, 0x00000000e0000000)
  object space 123904K, 67% used [0x00000000a0000000,0x00000000a520d318,0x00000000a7900000)
 Metaspace       used 71491K, capacity 75982K, committed 76336K, reserved 1116160K
  class space    used 8776K, capacity 9417K, committed 9520K, reserved 1048576K
Event: 2101.777 GC heap after
Heap after GC invocations=77 (full 13):
 PSYoungGen      total 346624K, used 30361K [0x00000000e0000000, 0x00000000fb480000, 0x0000000100000000)
  eden space 285696K, 0% used [0x00000000e0000000,0x00000000e0000000,0x00000000f1700000)
  from space 60928K, 49% used [0x00000000f7900000,0x00000000f96a6740,0x00000000fb480000)
  to   space 48640K, 0% used [0x00000000f1700000,0x00000000f1700000,0x00000000f4680000)
 ParOldGen       total 123904K, used 84028K [0x00000000a0000000, 0x00000000a7900000, 0x00000000e0000000)
  object space 123904K, 67% used [0x00000000a0000000,0x00000000a520f318,0x00000000a7900000)
 Metaspace       used 71491K, capacity 75982K, committed 76336K, reserved 1116160K
  class space    used 8776K, capacity 9417K, committed 9520K, reserved 1048576K
}
Event: 2123.881 GC heap before
{Heap before GC invocations=78 (full 13):
 PSYoungGen      total 346624K, used 316057K [0x00000000e0000000, 0x00000000fb480000, 0x0000000100000000)
  eden space 285696K, 100% used [0x00000000e0000000,0x00000000f1700000,0x00000000f1700000)
  from space 60928K, 49% used [0x00000000f7900000,0x00000000f96a6740,0x00000000fb480000)
  to   space 48640K, 0% used [0x00000000f1700000,0x00000000f1700000,0x00000000f4680000)
 ParOldGen       total 123904K, used 84028K [0x00000000a0000000, 0x00000000a7900000, 0x00000000e0000000)
  object space 123904K, 67% used [0x00000000a0000000,0x00000000a520f318,0x00000000a7900000)
 Metaspace       used 71563K, capacity 76142K, committed 76336K, reserved 1116160K
  class space    used 8784K, capacity 9425K, committed 9520K, reserved 1048576K
Event: 2123.982 GC heap after
Heap after GC invocations=78 (full 13):
 PSYoungGen      total 334336K, used 21505K [0x00000000e0000000, 0x00000000fb480000, 0x0000000100000000)
  eden space 285696K, 0% used [0x00000000e0000000,0x00000000e0000000,0x00000000f1700000)
  from space 48640K, 44% used [0x00000000f1700000,0x00000000f2c00608,0x00000000f4680000)
  to   space 60928K, 0% used [0x00000000f7900000,0x00000000f7900000,0x00000000fb480000)
 ParOldGen       total 123904K, used 84036K [0x00000000a0000000, 0x00000000a7900000, 0x00000000e0000000)
  object space 123904K, 67% used [0x00000000a0000000,0x00000000a5211318,0x00000000a7900000)
 Metaspace       used 71563K, capacity 76142K, committed 76336K, reserved 1116160K
  class space    used 8784K, capacity 9425K, committed 9520K, reserved 1048576K
}

